
ROM used: 1488 (18%)
          1488 (18%) including unused fragments

          3 Average locations per line
          15 Average locations per statement

RAM used: 59 (16%) at main() level
          77 (21%) worst case

Stack used: 2 worst case (out of 7 total available)

Lines Stmts  %   Files
----- ----- ---  -----
  163    98 100  Pic1.c
  308     0   0  ..\..\..\..\..\..\..\Program Files (x86)\PICC\devices\16F877A.h
----- -----
  471    98 Total

Page ROM  %  RAM   Vol Diff  Functions:
---- --- --- ---   --- ----  ----------
0     22   1   1             @delay_ms1
0     35   2   2   313  4.2  rda
0     40   3   0   231  4.1  rtcc
0      9   1   1    75  3.2  decod
0    321  22  16             @ADDFF
0    117   8  13             @MULFF
0     31   2   4             @SFTOI
0    753  51   8  2646  8.5  MAIN
0     37   2   2             @SITOF
0     63   4  10             @FLT

Program metrics:
    Functions               4
    Statements              98
    Comments                130
    Volume (V)              3875
    Difficilty (D)          20.8
    Effort to implement (E) 80612
    Time to implement (T)   1 hours, 15 minutes
    Est Delivered Bugs (B)  1
    Cyclomatic Complexity   13
    Maintainability (MI)    111

 Segment     Used  Free
-----------  ----  ----
00000-00003     4  0  
00004-0003B    56  0  
0003C-007FF  1428  560  
00800-00FFF     0  2048  
01000-017FF     0  2048  
01800-01FFF     0  2048  



THE FOLLOWING IS TEMPORARY FOR DIAGNOSTIC USE ONLY:

    n1    n2    N1    N2   v(G)
     0     1     0     0     0    @delay_ms1
     9    26    37    24     3    rda
     9    21    28    19     2    rtcc
     8    10    10     8     1    decod
     0     1     0     0     0    @ADDFF
     0     1     0     0     0    @MULFF
     0     1     0     0     0    @SFTOI
    16   152   196   162     7    MAIN
     0     1     0     0     0    @SITOF
     0     1     0     0     0    @FLT
