
ROM used: 1552 (19%)
          1552 (19%) including unused fragments

          3 Average locations per line
          13 Average locations per statement

RAM used: 52 (14%) at main() level
          70 (19%) worst case

Stack used: 2 worst case (out of 7 total available)

Lines Stmts  %   Files
----- ----- ---  -----
  185   119 100  Pic2.c
  308     0   0  ..\..\..\..\..\..\..\Program Files (x86)\PICC\devices\16F877A.h
----- -----
  493   119 Total

Page ROM  %  RAM   Vol Diff  Functions:
---- --- --- ---   --- ----  ----------
0     22   1   1             @delay_ms1
0     35   2   2   313  4.2  rda
0     48   3   0   280  4.1  rtcc
0      9   1   1    75  3.2  decod
0    809  52   8  3324  8.4  MAIN
0     37   2   2             @SITOF
0    321  21  16             @ADDFF
0     63   4  10             @FLT
0    117   8  13             @MULFF
0     31   2   4             @SFTOI

Program metrics:
    Functions               4
    Statements              119
    Comments                142
    Volume (V)              4660
    Difficilty (D)          20.8
    Effort to implement (E) 97090
    Time to implement (T)   1 hours, 30 minutes
    Est Delivered Bugs (B)  1
    Cyclomatic Complexity   15
    Maintainability (MI)    88

 Segment     Used  Free
-----------  ----  ----
00000-00003     4  0  
00004-0003B    56  0  
0003C-007FF  1492  496  
00800-00FFF     0  2048  
01000-017FF     0  2048  
01800-01FFF     0  2048  



THE FOLLOWING IS TEMPORARY FOR DIAGNOSTIC USE ONLY:

    n1    n2    N1    N2   v(G)
     0     1     0     0     0    @delay_ms1
     9    26    37    24     3    rda
     9    25    32    23     2    rtcc
     8    10    10     8     1    decod
    16   186   238   196     9    MAIN
     0     1     0     0     0    @SITOF
     0     1     0     0     0    @ADDFF
     0     1     0     0     0    @FLT
     0     1     0     0     0    @MULFF
     0     1     0     0     0    @SFTOI
