
ROM used: 59 (1%)
          59 (1%) including unused fragments

          0 Average locations per line
          10 Average locations per statement

RAM used: 7 (2%) at main() level
          8 (2%) worst case

Stack used: 1 worst case (out of 8 total available)

Lines Stmts  %   Files
----- ----- ---  -----
   20     6 100  Prueba.c
  308     0   0  ..\..\..\..\..\..\Program Files (x86)\PICC\devices\16F877A.h
----- -----
  328     6 Total

Page ROM  %  RAM   Vol Diff  Functions:
---- --- --- ---   --- ----  ----------
0     20  34   1             @delay_ms1
0     35  59   1    92  1.7  main

Program metrics:
    Functions               1
    Statements              6
    Comments                75
    Volume (V)              94
    Difficilty (D)          1.5
    Effort to implement (E) 145
    Time to implement (T)   0 minutes
    Est Delivered Bugs (B)  0
    Cyclomatic Complexity   1
    Maintainability (MI)    156

 Segment     Used  Free
-----------  ----  ----
00000-00003     4  0  
00004-007FF    55  1989  
00800-00FFF     0  2048  
01000-017FF     0  2048  
01800-01FFF     0  2048  



THE FOLLOWING IS TEMPORARY FOR DIAGNOSTIC USE ONLY:

    n1    n2    N1    N2   v(G)
     0     1     0     0     0    @delay_ms1
     4    12    13    10     0    main
