
ROM used: 2993 (37%)
          3637 (44%) including unused fragments

          4 Average locations per line
          12 Average locations per statement

RAM used: 92 (25%) at main() level
          131 (36%) worst case

Stack used: 10 worst case (out of 3 total available)

Lines Stmts  %   Files
----- ----- ---  -----
  314   178  74  Programa_2.c
  308     0   0  ..\..\..\..\..\Program Files (x86)\PICC\devices\16F877A.h
  168    63  26  ..\..\..\..\..\Program Files (x86)\PICC\drivers\lcd.c
----- -----
  790   241 Total

Page ROM  %  RAM   Vol Diff  Functions:
---- --- --- ---   --- ----  ----------
0     20   1   1             @delay_ms1
0      8   0   0             @const60
0     39   1   3   463  4.3  lcd_read_byte
0     17   1   1   134  2.2  lcd_send_nibble
0     41   1   3   317  4.3  lcd_send_byte
 Inline        2   422  4.7  lcd_init
0     20   1   4   186  5.5  lcd_gotoxy
0     49   2   1   272  4.1  lcd_putc
0     36   1   2   339  4.2  rda
0    146   5   1   498  5.1  rtcc
0     21   1   0             @const125
0     39   1   2             @SITOF
0      4   0   0     3  0.0  ext
0    132   4   2   843  5.3  RB
0      9   0   1    75  3.2  decod
0    326  11  16             @ADDFF
0    134   4  13             @MULFF
0     31   1   4             @SFTOI
1   1589  53   8  4520  8.4  MAIN
0     39   1   0             @const145
0     21   1   3             @DIV88
0    133   4   6             @PRINTF_D_80
0     65   2  10             @FLT

Program metrics:
    Functions               12
    Statements              241
    Comments                234
    Volume (V)              11405
    Difficilty (D)          53.3
    Effort to implement (E) 608113
    Time to implement (T)   9 hours, 23 minutes
    Est Delivered Bugs (B)  2
    Cyclomatic Complexity   34
    Maintainability (MI)    113

 Segment     Used  Free
-----------  ----  ----
00000-00003     4  0  
00004-00049    70  0  
0004A-007FF  1330  644  
00800-00FFF  1589  459  
01000-017FF     0  2048  
01800-01FFF     0  2048  



THE FOLLOWING IS TEMPORARY FOR DIAGNOSTIC USE ONLY:

    n1    n2    N1    N2   v(G)
     0     1     0     0     0    @delay_ms1
     0     1     0     0     0    @const60
     9    41    43    39     0    lcd_read_byte
     5    17    15    15     0    lcd_send_nibble
     9    30    31    29     0    lcd_send_byte
    10    37    41    35     2    lcd_init
    11    19    19    19     1    lcd_gotoxy
     9    22    35    20     4    lcd_putc
     9    28    39    26     3    rda
    11    42    48    39     2    rtcc
     0     1     0     0     0    @const125
     0     1     0     0     0    @SITOF
     2     1     2     0     0    ext
    11    58    82    56     8    RB
     8    10    10     8     1    decod
     0     1     0     0     0    @ADDFF
     0     1     0     0     0    @MULFF
     0     1     0     0     0    @SFTOI
    16   240   312   253    13    MAIN
     0     1     0     0     0    @const145
     0     1     0     0     0    @DIV88
     0     1     0     0     0    @PRINTF_D_80
     0     1     0     0     0    @FLT
