
ROM used: 2302 (28%)
          3374 (41%) including unused fragments

          4 Average locations per line
          14 Average locations per statement

RAM used: 92 (25%) at main() level
          122 (33%) worst case

Stack used: 3 worst case (out of 6 total available)

Lines Stmts  %   Files
----- ----- ---  -----
  314   168 100  Programa_1.c
  308     0   0  ..\..\..\..\..\Program Files (x86)\PICC\devices\16F877A.h
----- -----
  622   168 Total

Page ROM  %  RAM   Vol Diff  Functions:
---- --- --- ---   --- ----  ----------
0     20   1   1             @delay_ms1
0     36   2   2   339  4.2  rda
0    106   5   0   333  4.7  rtcc
0     39   2   2             @SITOF
0      4   0   0     3  0.0  ext
0    132   6   2   843  5.3  RB
0      9   0   1    75  3.2  decod
0    326  14  16             @ADDFF
0    134   6  13             @MULFF
0     31   1   4             @SFTOI
1   1326  58   8  4146  8.5  MAIN
0     65   3  10             @FLT

Program metrics:
    Functions               6
    Statements              168
    Comments                188
    Volume (V)              7042
    Difficilty (D)          27.9
    Effort to implement (E) 196616
    Time to implement (T)   3 hours, 2 minutes
    Est Delivered Bugs (B)  1
    Cyclomatic Complexity   27
    Maintainability (MI)    113

 Segment     Used  Free
-----------  ----  ----
00000-00003     4  0  
00004-00049    70  0  
0004A-007FF   902  1072  
00800-00FFF  1326  722  
01000-017FF     0  2048  
01800-01FFF     0  2048  



THE FOLLOWING IS TEMPORARY FOR DIAGNOSTIC USE ONLY:

    n1    n2    N1    N2   v(G)
     0     1     0     0     0    @delay_ms1
     9    28    39    26     3    rda
    10    29    36    27     2    rtcc
     0     1     0     0     0    @SITOF
     2     1     2     0     0    ext
    11    58    82    56     8    RB
     8    10    10     8     1    decod
     0     1     0     0     0    @ADDFF
     0     1     0     0     0    @MULFF
     0     1     0     0     0    @SFTOI
    16   220   292   234    13    MAIN
     0     1     0     0     0    @FLT
